# Logfile created on 2012-01-23 10:31:51 +0100 by logger.rb/25413
REQUESTING PAGE: GET /signup with {} and HTTP headers {}
REQUESTING PAGE: GET /signup with {} and HTTP headers {}
REQUESTING PAGE: GET /signup with {} and HTTP headers {}
REQUESTING PAGE: GET /en/users/11310/edit with {} and HTTP headers {}
REQUESTING PAGE: GET http://www.example.com/en/login with {} and HTTP headers {"HTTP_REFERER"=>"/en/users/11310/edit"}
REQUESTING PAGE: POST /en/sessions with {"utf8"=>"✓", "session"=>{"email"=>"valueperdido@gmail.com", "password"=>"ThePassw0rd"}, "commit"=>"Log in"} and HTTP headers {"HTTP_REFERER"=>"http://www.example.com/en/login"}
REQUESTING PAGE: GET http://www.example.com/en/users/11310/edit with {} and HTTP headers {"HTTP_REFERER"=>"/en/sessions"}
REQUESTING PAGE: GET / with {} and HTTP headers {}
REQUESTING PAGE: GET /login with {} and HTTP headers {}
REQUESTING PAGE: GET / with {} and HTTP headers {}
REQUESTING PAGE: GET /en/login with {} and HTTP headers {}
REQUESTING PAGE: POST /en/sessions with {"utf8"=>"✓", "session"=>{"email"=>"valueperdido@gmail.com", "password"=>"ThePassw0rd"}, "commit"=>"Log in"} and HTTP headers {"HTTP_REFERER"=>"/en/login"}
REQUESTING PAGE: GET http://www.example.com/?locale=en with {} and HTTP headers {"HTTP_REFERER"=>"/en/sessions"}
REQUESTING PAGE: GET / with {} and HTTP headers {"HTTP_REFERER"=>"http://www.example.com/?locale=en"}
REQUESTING PAGE: GET /en/users/650/edit with {} and HTTP headers {}
REQUESTING PAGE: GET http://www.example.com/en/login with {} and HTTP headers {"HTTP_REFERER"=>"/en/users/650/edit"}
REQUESTING PAGE: POST /en/sessions with {"utf8"=>"✓", "session"=>{"email"=>"user-617@example.org", "password"=>"ThePassw0rd"}, "commit"=>"Log in"} and HTTP headers {"HTTP_REFERER"=>"http://www.example.com/en/login"}
REQUESTING PAGE: GET http://www.example.com/en/users/650/edit with {} and HTTP headers {"HTTP_REFERER"=>"/en/sessions"}
REQUESTING PAGE: GET / with {} and HTTP headers {}
REQUESTING PAGE: GET /en/login with {} and HTTP headers {}
REQUESTING PAGE: POST /en/sessions with {"utf8"=>"✓", "session"=>{"email"=>"user-618@example.org", "password"=>"ThePassw0rd"}, "commit"=>"Log in"} and HTTP headers {"HTTP_REFERER"=>"/en/login"}
REQUESTING PAGE: GET http://www.example.com/?locale=en with {} and HTTP headers {"HTTP_REFERER"=>"/en/sessions"}
REQUESTING PAGE: GET /en/users/1301/edit with {} and HTTP headers {}
REQUESTING PAGE: GET http://www.example.com/en/login with {} and HTTP headers {"HTTP_REFERER"=>"/en/users/1301/edit"}
REQUESTING PAGE: POST /en/sessions with {"utf8"=>"✓", "session"=>{"email"=>"user-617@example.org", "password"=>"ThePassw0rd"}, "commit"=>"Log in"} and HTTP headers {"HTTP_REFERER"=>"http://www.example.com/en/login"}
REQUESTING PAGE: GET http://www.example.com/en/users/1301/edit with {} and HTTP headers {"HTTP_REFERER"=>"/en/sessions"}
REQUESTING PAGE: GET / with {} and HTTP headers {}
REQUESTING PAGE: GET /en/login with {} and HTTP headers {}
REQUESTING PAGE: POST /en/sessions with {"utf8"=>"✓", "session"=>{"email"=>"user-618@example.org", "password"=>"ThePassw0rd"}, "commit"=>"Log in"} and HTTP headers {"HTTP_REFERER"=>"/en/login"}
REQUESTING PAGE: GET http://www.example.com/?locale=en with {} and HTTP headers {"HTTP_REFERER"=>"/en/sessions"}
REQUESTING PAGE: GET / with {} and HTTP headers {"HTTP_REFERER"=>"http://www.example.com/?locale=en"}
REQUESTING PAGE: GET /en/users/1952/edit with {} and HTTP headers {}
REQUESTING PAGE: GET http://www.example.com/en/login with {} and HTTP headers {"HTTP_REFERER"=>"/en/users/1952/edit"}
REQUESTING PAGE: POST /en/sessions with {"utf8"=>"✓", "session"=>{"email"=>"user-617@example.org", "password"=>"ThePassw0rd"}, "commit"=>"Log in"} and HTTP headers {"HTTP_REFERER"=>"http://www.example.com/en/login"}
REQUESTING PAGE: GET http://www.example.com/en/users/1952/edit with {} and HTTP headers {"HTTP_REFERER"=>"/en/sessions"}
REQUESTING PAGE: GET / with {} and HTTP headers {}
REQUESTING PAGE: GET /en/login with {} and HTTP headers {}
REQUESTING PAGE: POST /en/sessions with {"utf8"=>"✓", "session"=>{"email"=>"user-618@example.org", "password"=>"ThePassw0rd"}, "commit"=>"Log in"} and HTTP headers {"HTTP_REFERER"=>"/en/login"}
REQUESTING PAGE: GET http://www.example.com/?locale=en with {} and HTTP headers {"HTTP_REFERER"=>"/en/sessions"}
REQUESTING PAGE: GET / with {} and HTTP headers {"HTTP_REFERER"=>"http://www.example.com/?locale=en"}
